{"error":{},"level":"error","message":"Ops, algo correu mal: "}
{"error":{},"level":"error","message":"Ops, algo correu mal: "}
{"error":{},"level":"error","message":"Ops, algo correu mal: "}
{"error":{},"level":"error","message":"Ops, algo correu mal: "}
{"level":"error","message":"Ops, algo correu mal: fetch failed"}
{"level":"error","message":"Ops, algo correu mal: db is not defined"}
{"error":{},"level":"error","message":"Failed to obtain post with slug","slug":"sass-simplificando-o-csss"}
{"error":{"clientVersion":"5.20.0","name":"PrismaClientInitializationError"},"level":"error","message":"Ops, algo correu mal: "}
{"error":{"clientVersion":"5.20.0","name":"PrismaClientInitializationError"},"level":"error","message":"Ops, algo correu mal: "}
{"error":{"clientVersion":"5.20.0","name":"PrismaClientInitializationError"},"level":"error","message":"Ops, algo correu mal: "}
{"error":{"clientVersion":"5.20.0","name":"PrismaClientInitializationError"},"level":"error","message":"Ops, algo correu mal: "}
{"error":{"clientVersion":"5.20.0","name":"PrismaClientInitializationError"},"level":"error","message":"Ops, algo correu mal: "}
{"error":{"clientVersion":"5.20.0","name":"PrismaClientInitializationError"},"level":"error","message":"Ops, algo correu mal: "}
{"error":{"clientVersion":"5.20.0","name":"PrismaClientInitializationError"},"level":"error","message":"Ops, algo correu mal: "}
{"error":{"clientVersion":"5.20.0","name":"PrismaClientInitializationError"},"level":"error","message":"Ops, algo correu mal: "}
{"error":{"clientVersion":"5.20.0","name":"PrismaClientInitializationError"},"level":"error","message":"Ops, algo correu mal: "}
{"error":{"clientVersion":"5.20.0","name":"PrismaClientInitializationError"},"level":"error","message":"Ops, algo correu mal: "}
{"error":{"clientVersion":"5.20.0","name":"PrismaClientInitializationError"},"level":"error","message":"Ops, algo correu mal: "}
{"error":{"clientVersion":"5.20.0","name":"PrismaClientInitializationError"},"level":"error","message":"Ops, algo correu mal: "}
{"error":{"clientVersion":"5.20.0","name":"PrismaClientInitializationError"},"level":"error","message":"Ops, algo correu mal: "}
{"error":{"clientVersion":"5.20.0","name":"PrismaClientInitializationError"},"level":"error","message":"Ops, algo correu mal: "}
{"error":{"clientVersion":"5.20.0","name":"PrismaClientInitializationError"},"level":"error","message":"Ops, algo correu mal: "}
